<?xml version="1.0" encoding="UTF-8"?>
<!-- Generated by org.testng.reporters.JUnitReportReporter -->
<testsuite hostname="DESKTOP-7S7LCUO" failures="0" tests="6" name="com.nopcommercec.qa.test.IndexTest" time="3.886" errors="0" timestamp="2024-03-11T17:30:36 IST" skipped="0">
  <testcase classname="com.nopcommercec.qa.test.IndexTest" name="test1" time="0.805"/>
  <testcase classname="com.nopcommercec.qa.test.IndexTest" name="changeCurrency" time="0.891"/>
  <testcase classname="com.nopcommercec.qa.test.IndexTest" name="clickOnFb" time="0.251"/>
  <testcase classname="com.nopcommercec.qa.test.IndexTest" name="clickOnYt" time="1.039"/>
  <testcase classname="com.nopcommercec.qa.test.IndexTest" name="clickOnX" time="0.779"/>
  <testcase classname="com.nopcommercec.qa.test.IndexTest" name="clickOnNewsFeed" time="0.121"/>
</testsuite> <!-- com.nopcommercec.qa.test.IndexTest -->
